<?xml version="1.0" encoding="UTF-8"?>
<testng-results ignored="0" total="1" passed="1" failed="0" skipped="0">
  <reporter-output>
  </reporter-output>
  <suite started-at="2024-01-26T12:36:34 IST" name="Default suite" finished-at="2024-01-26T12:38:23 IST" duration-ms="109101">
    <groups>
    </groups>
    <test started-at="2024-01-26T12:36:34 IST" name="Default test" finished-at="2024-01-26T12:38:23 IST" duration-ms="109101">
      <class name="testScript.GoogleLinkTest">
        <test-method is-config="true" signature="setupBrowser()[pri:0, instance:testScript.GoogleLinkTest@5d534f5d]" started-at="2024-01-26T12:36:34 IST" name="setupBrowser" finished-at="2024-01-26T12:36:59 IST" duration-ms="24926" status="PASS">
          <reporter-output>
          </reporter-output>
        </test-method> <!-- setupBrowser -->
        <test-method signature="linkVerificationTest()[pri:0, instance:testScript.GoogleLinkTest@5d534f5d]" started-at="2024-01-26T12:36:59 IST" name="linkVerificationTest" finished-at="2024-01-26T12:38:21 IST" duration-ms="81802" status="PASS">
          <reporter-output>
          </reporter-output>
        </test-method> <!-- linkVerificationTest -->
        <test-method is-config="true" signature="closeBrowser()[pri:0, instance:testScript.GoogleLinkTest@5d534f5d]" started-at="2024-01-26T12:38:21 IST" name="closeBrowser" finished-at="2024-01-26T12:38:23 IST" duration-ms="1802" status="PASS">
          <reporter-output>
          </reporter-output>
        </test-method> <!-- closeBrowser -->
      </class> <!-- testScript.GoogleLinkTest -->
    </test> <!-- Default test -->
  </suite> <!-- Default suite -->
</testng-results>
